<?xml version="1.0" encoding="UTF-8" standalone="no"?>
<testsuite errors="0" failures="3" name="io.cucumber.core.plugin.JUnitFormatter" skipped="0" tests="15" time="133.005">
    <testcase classname="F01_Register | users could register with new accounts" name="guest user could register with valid data successfully" time="13.762">
        <system-out><![CDATA[Given user go to register page..............................................passed
When user select gender type................................................passed
And user enter first name "automation" and last name "tester"...............passed
And user enter date of birth................................................passed
And user enter email "samah@yahoo.com" field................................passed
And user fills Password fields "Passw0rd#123" "Passw0rd#123"................passed
Then user clicks on register button.........................................passed
And success message is displayed............................................passed
]]></system-out>
    </testcase>
    <testcase classname="F02_Login | users could use login functionality to use their accounts" name="user could login with valid email and password" time="8.367">
        <system-out><![CDATA[Given user go to login page.................................................passed
When user login with valid credentials "samah@yahoo.com" and "Passw0rd#123".passed
And user press on login button..............................................passed
Then user login to the system successfully..................................passed
]]></system-out>
    </testcase>
    <testcase classname="F02_Login | users could use login functionality to use their accounts" name="user can't login with invalid email and password" time="8.08">
        <system-out><![CDATA[Given user go to login page.................................................passed
When user login with invalid "wrong@example.com" and "P@ssw0rd".............passed
And user press on login button..............................................passed
Then user could not login to the system.....................................passed
]]></system-out>
    </testcase>
    <testcase classname="test currency selection" name="user can select euro currency" time="7.265">
        <system-out><![CDATA[When user select euro option................................................passed
Then euro symbol is displayed on all products...............................passed
]]></system-out>
    </testcase>
    <testcase classname="search feature test" name="user can search by product name" time="7.081">
        <system-out><![CDATA[When user click on search field.............................................passed
And user search with "book".................................................passed
Then user could find "book" relative results................................passed
]]></system-out>
    </testcase>
    <testcase classname="search feature test" name="user can search by product name 2" time="6.373">
        <system-out><![CDATA[When user click on search field.............................................passed
And user search with "laptop"...............................................passed
Then user could find "laptop" relative results..............................passed
]]></system-out>
    </testcase>
    <testcase classname="search feature test" name="user can search by product name 3" time="6.93">
        <system-out><![CDATA[When user click on search field.............................................passed
And user search with "nike".................................................passed
Then user could find "nike" relative results................................passed
]]></system-out>
    </testcase>
    <testcase classname="test hoover categories" name="hoover category and select sub category" time="7.778">
        <system-out><![CDATA[When user hoover category and select sub-cat................................passed
]]></system-out>
    </testcase>
    <testcase classname="F06_homeSliders | user could open sliders" name="user could open first slider" time="10.988">
        <failure message="Expected condition failed: waiting for value to contain &quot;display: block;&quot;. (tried for 5 second(s) with 500 milliseconds interval)&#10;Build info: version: '4.6.0', revision: '79f1c02ae20'&#10;System info: os.name: 'Windows 10', os.arch: 'amd64', os.version: '10.0', java.version: '19.0.1'&#10;Driver info: org.openqa.selenium.chrome.ChromeDriver&#10;Capabilities {acceptInsecureCerts: false, browserName: chrome, browserVersion: 107.0.5304.107, chrome: {chromedriverVersion: 107.0.5304.62 (1eec40d3a576..., userDataDir: C:\Users\Dell\AppData\Local...}, goog:chromeOptions: {debuggerAddress: localhost:62872}, networkConnectionEnabled: false, pageLoadStrategy: normal, platformName: WINDOWS, proxy: Proxy(), se:cdp: ws://localhost:62872/devtoo..., se:cdpVersion: 107.0.5304.107, setWindowRect: true, strictFileInteractability: false, timeouts: {implicit: 0, pageLoad: 300000, script: 30000}, unhandledPromptBehavior: dismiss and notify, webauthn:extension:credBlob: true, webauthn:extension:largeBlob: true, webauthn:virtualAuthenticators: true}&#10;Session ID: f4802d039e4aa7452667c683c7fa0af6" type="org.openqa.selenium.TimeoutException"><![CDATA[When user click on first slider.............................................failed
Then product details page for Nokia is opened...............................skipped

StackTrace:
org.openqa.selenium.TimeoutException: Expected condition failed: waiting for value to contain "display: block;". (tried for 5 second(s) with 500 milliseconds interval)
Build info: version: '4.6.0', revision: '79f1c02ae20'
System info: os.name: 'Windows 10', os.arch: 'amd64', os.version: '10.0', java.version: '19.0.1'
Driver info: org.openqa.selenium.chrome.ChromeDriver
Capabilities {acceptInsecureCerts: false, browserName: chrome, browserVersion: 107.0.5304.107, chrome: {chromedriverVersion: 107.0.5304.62 (1eec40d3a576..., userDataDir: C:\Users\Dell\AppData\Local...}, goog:chromeOptions: {debuggerAddress: localhost:62872}, networkConnectionEnabled: false, pageLoadStrategy: normal, platformName: WINDOWS, proxy: Proxy(), se:cdp: ws://localhost:62872/devtoo..., se:cdpVersion: 107.0.5304.107, setWindowRect: true, strictFileInteractability: false, timeouts: {implicit: 0, pageLoad: 300000, script: 30000}, unhandledPromptBehavior: dismiss and notify, webauthn:extension:credBlob: true, webauthn:extension:largeBlob: true, webauthn:virtualAuthenticators: true}
Session ID: f4802d039e4aa7452667c683c7fa0af6
	at org.openqa.selenium.support.ui.WebDriverWait.timeoutException(WebDriverWait.java:87)
	at org.openqa.selenium.support.ui.FluentWait.until(FluentWait.java:231)
	at org.example.stepDef.D06_homeSlidersStepDef.userClickOnFirstSlider(D06_homeSlidersStepDef.java:21)
	at ✽.user click on first slider(file:///C:/Users/Dell/IdeaProjects/e_commerceDemo/src/main/resources/features/F06_homeSliders.feature:6)
]]></failure>
    </testcase>
    <testcase classname="F06_homeSliders | user could open sliders" name="user could open first slider 2" time="5.888">
        <failure message="Index 1 out of bounds for length 1" type="java.lang.IndexOutOfBoundsException"><![CDATA[When user click on second slider............................................failed
Then product details page for iphone is opened..............................skipped

StackTrace:
java.lang.IndexOutOfBoundsException: Index 1 out of bounds for length 1
	at java.base/jdk.internal.util.Preconditions.outOfBounds(Preconditions.java:100)
	at java.base/jdk.internal.util.Preconditions.outOfBoundsCheckIndex(Preconditions.java:106)
	at java.base/jdk.internal.util.Preconditions.checkIndex(Preconditions.java:302)
	at java.base/java.util.Objects.checkIndex(Objects.java:385)
	at java.base/java.util.ArrayList.get(ArrayList.java:427)
	at org.example.stepDef.D06_homeSlidersStepDef.userClickOnSecondSlider(D06_homeSlidersStepDef.java:36)
	at ✽.user click on second slider(file:///C:/Users/Dell/IdeaProjects/e_commerceDemo/src/main/resources/features/F06_homeSliders.feature:11)
]]></failure>
    </testcase>
    <testcase classname="F07_followUs | users could open followUs links" name="user opens facebook link" time="7.212">
        <system-out><![CDATA[When user opens facebook link...............................................passed
Then link is opened in new tab "https://www.facebook.com/nopCommerce".......passed
]]></system-out>
    </testcase>
    <testcase classname="F07_followUs | users could open followUs links" name="user opens twitter link" time="7.906">
        <system-out><![CDATA[When user opens twitter link................................................passed
Then link is opened in new tab "https://twitter.com/nopCommerce"............passed
]]></system-out>
    </testcase>
    <testcase classname="F07_followUs | users could open followUs links" name="user opens rss link" time="11.729">
        <failure message="Expected condition failed: waiting for number of open windows to be 2 (tried for 5 second(s) with 500 milliseconds interval)&#10;Build info: version: '4.6.0', revision: '79f1c02ae20'&#10;System info: os.name: 'Windows 10', os.arch: 'amd64', os.version: '10.0', java.version: '19.0.1'&#10;Driver info: org.openqa.selenium.chrome.ChromeDriver&#10;Capabilities {acceptInsecureCerts: false, browserName: chrome, browserVersion: 107.0.5304.107, chrome: {chromedriverVersion: 107.0.5304.62 (1eec40d3a576..., userDataDir: C:\Users\Dell\AppData\Local...}, goog:chromeOptions: {debuggerAddress: localhost:62989}, networkConnectionEnabled: false, pageLoadStrategy: normal, platformName: WINDOWS, proxy: Proxy(), se:cdp: ws://localhost:62989/devtoo..., se:cdpVersion: 107.0.5304.107, setWindowRect: true, strictFileInteractability: false, timeouts: {implicit: 0, pageLoad: 300000, script: 30000}, unhandledPromptBehavior: dismiss and notify, webauthn:extension:credBlob: true, webauthn:extension:largeBlob: true, webauthn:virtualAuthenticators: true}&#10;Session ID: f724fca145ead574faae6aeb65c497f3" type="org.openqa.selenium.TimeoutException"><![CDATA[When user opens rss link....................................................failed
Then link is opened in new tab "https://demo.nopcommerce.com/news/rss"......skipped

StackTrace:
org.openqa.selenium.TimeoutException: Expected condition failed: waiting for number of open windows to be 2 (tried for 5 second(s) with 500 milliseconds interval)
Build info: version: '4.6.0', revision: '79f1c02ae20'
System info: os.name: 'Windows 10', os.arch: 'amd64', os.version: '10.0', java.version: '19.0.1'
Driver info: org.openqa.selenium.chrome.ChromeDriver
Capabilities {acceptInsecureCerts: false, browserName: chrome, browserVersion: 107.0.5304.107, chrome: {chromedriverVersion: 107.0.5304.62 (1eec40d3a576..., userDataDir: C:\Users\Dell\AppData\Local...}, goog:chromeOptions: {debuggerAddress: localhost:62989}, networkConnectionEnabled: false, pageLoadStrategy: normal, platformName: WINDOWS, proxy: Proxy(), se:cdp: ws://localhost:62989/devtoo..., se:cdpVersion: 107.0.5304.107, setWindowRect: true, strictFileInteractability: false, timeouts: {implicit: 0, pageLoad: 300000, script: 30000}, unhandledPromptBehavior: dismiss and notify, webauthn:extension:credBlob: true, webauthn:extension:largeBlob: true, webauthn:virtualAuthenticators: true}
Session ID: f724fca145ead574faae6aeb65c497f3
	at org.openqa.selenium.support.ui.WebDriverWait.timeoutException(WebDriverWait.java:87)
	at org.openqa.selenium.support.ui.FluentWait.until(FluentWait.java:231)
	at org.example.stepDef.D07_followUsStepDef.userOpensRssLink(D07_followUsStepDef.java:36)
	at ✽.user opens rss link(file:///C:/Users/Dell/IdeaProjects/e_commerceDemo/src/main/resources/features/F07_followUs.feature:12)
]]></failure>
    </testcase>
    <testcase classname="F07_followUs | users could open followUs links" name="user opens youtube link" time="10.024">
        <system-out><![CDATA[When user opens youtube link................................................passed
Then link is opened in new tab "https://www.youtube.com/user/nopCommerce"...passed
]]></system-out>
    </testcase>
    <testcase classname="wishlist test" name="user can add products to wishList" time="13.141">
        <system-out><![CDATA[Given user go to login page.................................................passed
When user login with valid credentials "samah@yahoo.com" and "Passw0rd#123".passed
And user press on login button..............................................passed
Then user login to the system successfully..................................passed
When user add product to wishList...........................................passed
Then success message will be displayed......................................passed
And wishList item quantity will be displayed................................passed
]]></system-out>
    </testcase>
</testsuite>
